<?xml version="1.0" encoding="UTF-8" standalone="no"?>
<!DOCTYPE log SYSTEM "logger.dtd">
<log>
<record>
  <date>2018-10-06T20:01:34.565776400Z</date>
  <millis>1538856094565</millis>
  <nanos>776400</nanos>
  <sequence>95</sequence>
  <logger>seedu.addressbook.parser.Parser</logger>
  <level>INFO</level>
  <class>seedu.addressbook.parser.Parser</class>
  <method>parseCommand</method>
  <thread>1</thread>
  <message>Parsed the user input and matching commands.</message>
</record>
<record>
  <date>2018-10-06T20:01:34.566774700Z</date>
  <millis>1538856094566</millis>
  <nanos>774700</nanos>
  <sequence>96</sequence>
  <logger>seedu.addressbook.parser.Parser</logger>
  <level>WARNING</level>
  <class>seedu.addressbook.parser.Parser</class>
  <method>parseArgsAsName</method>
  <thread>1</thread>
  <message>Name does not exist in argument</message>
</record>
<record>
  <date>2018-10-06T20:01:34.566774700Z</date>
  <millis>1538856094566</millis>
  <nanos>774700</nanos>
  <sequence>97</sequence>
  <logger>seedu.addressbook.parser.Parser</logger>
  <level>WARNING</level>
  <class>seedu.addressbook.parser.Parser</class>
  <method>prepareDelete</method>
  <thread>1</thread>
  <message>Invalid delete command format.</message>
  <exception>
    <message>seedu.addressbook.parser.Parser$ParseException: Could not find name to parse</message>
    <frame>
      <class>seedu.addressbook.parser.Parser</class>
      <method>parseArgsAsName</method>
      <line>290</line>
    </frame>
    <frame>
      <class>seedu.addressbook.parser.Parser</class>
      <method>prepareDelete</method>
      <line>185</line>
    </frame>
    <frame>
      <class>seedu.addressbook.parser.Parser</class>
      <method>parseCommand</method>
      <line>91</line>
    </frame>
    <frame>
      <class>seedu.addressbook.parser.ParserTest</class>
      <method>parseAndAssertCommandType</method>
      <line>296</line>
    </frame>
    <frame>
      <class>seedu.addressbook.parser.ParserTest</class>
      <method>parseAndAssertIncorrectWithMessage</method>
      <line>283</line>
    </frame>
    <frame>
      <class>seedu.addressbook.parser.ParserTest</class>
      <method>deleteCommand_noArgs</method>
      <line>75</line>
    </frame>
    <frame>
      <class>jdk.internal.reflect.NativeMethodAccessorImpl</class>
      <method>invoke0</method>
    </frame>
    <frame>
      <class>jdk.internal.reflect.NativeMethodAccessorImpl</class>
      <method>invoke</method>
      <line>62</line>
    </frame>
    <frame>
      <class>jdk.internal.reflect.DelegatingMethodAccessorImpl</class>
      <method>invoke</method>
      <line>43</line>
    </frame>
    <frame>
      <class>java.lang.reflect.Method</class>
      <method>invoke</method>
      <line>564</line>
    </frame>
    <frame>
      <class>org.junit.runners.model.FrameworkMethod$1</class>
      <method>runReflectiveCall</method>
      <line>50</line>
    </frame>
    <frame>
      <class>org.junit.internal.runners.model.ReflectiveCallable</class>
      <method>run</method>
      <line>12</line>
    </frame>
    <frame>
      <class>org.junit.runners.model.FrameworkMethod</class>
      <method>invokeExplosively</method>
      <line>47</line>
    </frame>
    <frame>
      <class>org.junit.internal.runners.statements.InvokeMethod</class>
      <method>evaluate</method>
      <line>17</line>
    </frame>
    <frame>
      <class>org.junit.internal.runners.statements.RunBefores</class>
      <method>evaluate</method>
      <line>26</line>
    </frame>
    <frame>
      <class>org.junit.runners.ParentRunner</class>
      <method>runLeaf</method>
      <line>325</line>
    </frame>
    <frame>
      <class>org.junit.runners.BlockJUnit4ClassRunner</class>
      <method>runChild</method>
      <line>78</line>
    </frame>
    <frame>
      <class>org.junit.runners.BlockJUnit4ClassRunner</class>
      <method>runChild</method>
      <line>57</line>
    </frame>
    <frame>
      <class>org.junit.runners.ParentRunner$3</class>
      <method>run</method>
      <line>290</line>
    </frame>
    <frame>
      <class>org.junit.runners.ParentRunner$1</class>
      <method>schedule</method>
      <line>71</line>
    </frame>
    <frame>
      <class>org.junit.runners.ParentRunner</class>
      <method>runChildren</method>
      <line>288</line>
    </frame>
    <frame>
      <class>org.junit.runners.ParentRunner</class>
      <method>access$000</method>
      <line>58</line>
    </frame>
    <frame>
      <class>org.junit.runners.ParentRunner$2</class>
      <method>evaluate</method>
      <line>268</line>
    </frame>
    <frame>
      <class>org.junit.runners.ParentRunner</class>
      <method>run</method>
      <line>363</line>
    </frame>
    <frame>
      <class>org.junit.runners.Suite</class>
      <method>runChild</method>
      <line>128</line>
    </frame>
    <frame>
      <class>org.junit.runners.Suite</class>
      <method>runChild</method>
      <line>27</line>
    </frame>
    <frame>
      <class>org.junit.runners.ParentRunner$3</class>
      <method>run</method>
      <line>290</line>
    </frame>
    <frame>
      <class>org.junit.runners.ParentRunner$1</class>
      <method>schedule</method>
      <line>71</line>
    </frame>
    <frame>
      <class>org.junit.runners.ParentRunner</class>
      <method>runChildren</method>
      <line>288</line>
    </frame>
    <frame>
      <class>org.junit.runners.ParentRunner</class>
      <method>access$000</method>
      <line>58</line>
    </frame>
    <frame>
      <class>org.junit.runners.ParentRunner$2</class>
      <method>evaluate</method>
      <line>268</line>
    </frame>
    <frame>
      <class>org.junit.runners.ParentRunner</class>
      <method>run</method>
      <line>363</line>
    </frame>
    <frame>
      <class>org.junit.runner.JUnitCore</class>
      <method>run</method>
      <line>137</line>
    </frame>
    <frame>
      <class>com.intellij.junit4.JUnit4IdeaTestRunner</class>
      <method>startRunnerWithArgs</method>
      <line>68</line>
    </frame>
    <frame>
      <class>com.intellij.rt.execution.junit.IdeaTestRunner$Repeater</class>
      <method>startRunnerWithArgs</method>
      <line>47</line>
    </frame>
    <frame>
      <class>com.intellij.rt.execution.junit.JUnitStarter</class>
      <method>prepareStreamsAndStart</method>
      <line>242</line>
    </frame>
    <frame>
      <class>com.intellij.rt.execution.junit.JUnitStarter</class>
      <method>main</method>
      <line>70</line>
    </frame>
  </exception>
</record>
</log>
